0 info it worked if it ends with ok
1 verbose cli [ 'C:\\Program Files (x86)\\iojs\\node.exe',
1 verbose cli   'C:\\Program Files (x86)\\iojs\\node_modules\\npm\\bin\\npm-cli.js',
1 verbose cli   'publish' ]
2 info using npm@2.9.0
3 info using node@v2.0.1
4 verbose publish [ '.' ]
5 verbose stack Error: Invalid version: "0.1.5.1"
5 verbose stack     at Object.module.exports.fixVersionField (C:\Program Files (x86)\iojs\node_modules\npm\node_modules\normalize-package-data\lib\fixer.js:184:13)
5 verbose stack     at C:\Program Files (x86)\iojs\node_modules\npm\node_modules\normalize-package-data\lib\normalize.js:30:38
5 verbose stack     at Array.forEach (native)
5 verbose stack     at normalize (C:\Program Files (x86)\iojs\node_modules\npm\node_modules\normalize-package-data\lib\normalize.js:29:15)
5 verbose stack     at final (C:\Program Files (x86)\iojs\node_modules\npm\node_modules\read-package-json\read-json.js:338:5)
5 verbose stack     at then (C:\Program Files (x86)\iojs\node_modules\npm\node_modules\read-package-json\read-json.js:113:5)
5 verbose stack     at C:\Program Files (x86)\iojs\node_modules\npm\node_modules\read-package-json\read-json.js:300:12
5 verbose stack     at FSReqWrap.readFileAfterClose [as oncomplete] (evalmachine.<anonymous>:382:3)
6 verbose cwd C:\Users\kchester\node-packer
7 error Windows_NT 6.1.7601
8 error argv "C:\\Program Files (x86)\\iojs\\node.exe" "C:\\Program Files (x86)\\iojs\\node_modules\\npm\\bin\\npm-cli.js" "publish"
9 error node v2.0.1
10 error npm  v2.9.0
11 error Invalid version: "0.1.5.1"
12 error If you need help, you may report this error at:
12 error     <https://github.com/npm/npm/issues>
13 verbose exit [ 1, true ]
